0 info it worked if it ends with ok
1 verbose cli [ 'node',
1 verbose cli   '/usr/local/opt/nvm/versions/node/v0.12.5/bin/npm',
1 verbose cli   'run',
1 verbose cli   'development' ]
2 info using npm@3.10.6
3 info using node@v0.12.5
4 verbose run-script [ 'predevelopment', 'development', 'postdevelopment' ]
5 info lifecycle @~predevelopment: @
6 silly lifecycle @~predevelopment: no script for predevelopment, continuing
7 info lifecycle @~development: @
8 verbose lifecycle @~development: unsafe-perm in lifecycle true
9 verbose lifecycle @~development: PATH: /usr/local/opt/nvm/versions/node/v0.12.5/lib/node_modules/npm/bin/node-gyp-bin:/home/nitrous/code/react_sample/client/node_modules/.bin:/usr/local/heroku/bin:/usr/local/opt/rbenv/shims:/home/nitrous/.rbenv/plugins/rbenv-gemset/bin:/home/nitrous/bin:/usr/local/bin:.bundle/binstubs:/usr/local/opt/rbenv/shims:/usr/local/opt/rbenv/bin:/usr/local/opt/nvm/versions/node/v0.12.5/bin:/usr/local/sbin:/usr/local/bin:/usr/sbin:/usr/bin:/sbin:/bin:/usr/games:/usr/local/games
10 verbose lifecycle @~development: CWD: /home/nitrous/code/react_sample/client
11 silly lifecycle @~development: Args: [ '-c',
11 silly lifecycle   'webpack --watch --progress --config config/development.js' ]
12 silly lifecycle @~development: Returned: code: 1  signal: null
13 info lifecycle @~development: Failed to exec development script
14 verbose stack Error: @ development: `webpack --watch --progress --config config/development.js`
14 verbose stack Exit status 1
14 verbose stack     at EventEmitter.<anonymous> (/usr/local/opt/nvm/versions/node/v0.12.5/lib/node_modules/npm/lib/utils/lifecycle.js:255:16)
14 verbose stack     at EventEmitter.emit (events.js:110:17)
14 verbose stack     at ChildProcess.<anonymous> (/usr/local/opt/nvm/versions/node/v0.12.5/lib/node_modules/npm/lib/utils/spawn.js:40:14)
14 verbose stack     at ChildProcess.emit (events.js:110:17)
14 verbose stack     at maybeClose (child_process.js:1015:16)
14 verbose stack     at Process.ChildProcess._handle.onexit (child_process.js:1087:5)
15 verbose pkgid @
16 verbose cwd /home/nitrous/code/react_sample/client
17 error Linux 4.2.0-18-generic
18 error argv "node" "/usr/local/opt/nvm/versions/node/v0.12.5/bin/npm" "run" "development"
19 error node v0.12.5
20 error npm  v3.10.6
21 error code ELIFECYCLE
22 error @ development: `webpack --watch --progress --config config/development.js`
22 error Exit status 1
23 error Failed at the @ development script 'webpack --watch --progress --config config/development.js'.
23 error Make sure you have the latest version of node.js and npm installed.
23 error If you do, this is most likely a problem with the  package,
23 error not with npm itself.
23 error Tell the author that this fails on your system:
23 error     webpack --watch --progress --config config/development.js
23 error You can get information on how to open an issue for this project with:
23 error     npm bugs
23 error Or if that isn't available, you can get their info via:
23 error     npm owner ls
23 error There is likely additional logging output above.
24 verbose exit [ 1, true ]
